<?xml version="1.0" encoding="UTF-8"?>
<!-- Generated by org.testng.reporters.JUnitXMLReporter -->
<testsuite hostname="LAPTOP-EPF2259K" ignored="0" name="Test" tests="6" failures="1" timestamp="24 Feb 2020 06:04:00 GMT" time="0.307" errors="0">
  <testcase name="m1" time="0.05" classname="com.Testng.case3Test">
    <failure type="java.lang.AssertionError" message="expected [true] but found [false]">
      <![CDATA[java.lang.AssertionError: expected [true] but found [false]
at com.Testng.case3Test.m1(case3Test.java:12)
... Removed 29 stack frames]]>
    </failure>
  </testcase> <!-- m1 -->
  <testcase name="m1" time="0.007" classname="com.Testng.case1Test"/>
  <testcase name="m12" time="0.004" classname="com.Testng.case1Test"/>
  <testcase name="m12" time="0.003" classname="com.Testng.case1Test"/>
  <testcase name="m13" time="0.004" classname="com.Testng.case1Test"/>
  <testcase name="m1" time="0.008" classname="com.Testng.case2Test"/>
</testsuite> <!-- Test -->
