<?xml version="1.0" encoding="UTF-8"?>
<!-- Generated by org.testng.reporters.JUnitXMLReporter -->
<testsuite hostname="LAPTOP-EPF2259K" ignored="0" name="Test" tests="6" failures="0" timestamp="11 Mar 2020 05:39:50 GMT" time="0.113" errors="0">
  <testcase name="noofperson" time="0.019" classname="com.example.Person"/>
  <testcase name="personadd" time="0.004" classname="com.example.Person"/>
  <testcase name="personcity" time="0.006" classname="com.example.Person"/>
  <testcase name="employeeadd" time="0.003" classname="com.example.Employee"/>
  <testcase name="employeecity" time="0.004" classname="com.example.Employee"/>
  <testcase name="noofemployee" time="0.003" classname="com.example.Employee"/>
</testsuite> <!-- Test -->
