<?xml version="1.0" encoding="UTF-8"?>
<!-- Generated by org.testng.reporters.JUnitXMLReporter -->
<testsuite hostname="LAPTOP-EPF2259K" ignored="0" name="Test(failed)" tests="1" failures="1" timestamp="24 Feb 2020 06:04:39 GMT" time="0.063" errors="0">
  <testcase name="m1" time="0.017" classname="com.Testng.case3Test">
    <failure type="java.lang.AssertionError" message="expected [true] but found [false]">
      <![CDATA[java.lang.AssertionError: expected [true] but found [false]
at com.Testng.case3Test.m1(case3Test.java:12)
... Removed 29 stack frames]]>
    </failure>
  </testcase> <!-- m1 -->
</testsuite> <!-- Test(failed) -->
