<?xml version="1.0" encoding="UTF-8"?>
<!-- Generated by org.testng.reporters.JUnitXMLReporter -->
<testsuite hostname="LAPTOP-EPF2259K" ignored="0" name="registrationTest" tests="8" failures="0" timestamp="07 Mar 2020 11:40:22 GMT" time="0.127" errors="0">
  <testcase name="noofperson" time="0.024" classname="com.example.Person"/>
  <testcase name="personadd" time="0.004" classname="com.example.Person"/>
  <testcase name="personcity" time="0.002" classname="com.example.Person"/>
  <testcase name="personname" time="0.003" classname="com.example.Person"/>
  <testcase name="employeeadd" time="0.004" classname="com.example.Employee"/>
  <testcase name="employeecity" time="0.004" classname="com.example.Employee"/>
  <testcase name="employeename" time="0.009" classname="com.example.Employee"/>
  <testcase name="noofemployee" time="0.0" classname="com.example.Employee"/>
</testsuite> <!-- registrationTest -->
